<?xml version="1.0" encoding="UTF-8"?>
<coverage generated="1551279628">
  <project timestamp="1551279628">
    <package name="EmailValidation">
      <file name="/home/dave/Code/Email-Validation-Tool/src/EmailAddress.php">
        <class name="EmailValidation\EmailAddress" namespace="EmailValidation">
          <metrics complexity="10" methods="7" coveredmethods="7" conditionals="0" coveredconditionals="0" statements="14" coveredstatements="14" elements="21" coveredelements="21"/>
        </class>
        <line num="18" type="method" name="__construct" visibility="public" complexity="1" crap="1" count="52"/>
        <line num="20" type="stmt" count="52"/>
        <line num="21" type="stmt" count="52"/>
        <line num="26" type="method" name="getNamePart" visibility="public" complexity="2" crap="2" count="9"/>
        <line num="28" type="stmt" count="9"/>
        <line num="29" type="stmt" count="8"/>
        <line num="32" type="stmt" count="1"/>
        <line num="38" type="method" name="getHostPart" visibility="public" complexity="2" crap="2" count="23"/>
        <line num="40" type="stmt" count="23"/>
        <line num="41" type="stmt" count="22"/>
        <line num="44" type="stmt" count="1"/>
        <line num="50" type="method" name="getTopLevelDomainPart" visibility="public" complexity="2" crap="2" count="4"/>
        <line num="52" type="stmt" count="4"/>
        <line num="53" type="stmt" count="3"/>
        <line num="56" type="stmt" count="1"/>
        <line num="62" type="method" name="isValidEmailAddressFormat" visibility="public" complexity="1" crap="1" count="50"/>
        <line num="64" type="stmt" count="50"/>
        <line num="70" type="method" name="asString" visibility="public" complexity="1" crap="1" count="8"/>
        <line num="72" type="stmt" count="8"/>
        <line num="79" type="method" name="getEmailPart" visibility="private" complexity="1" crap="1" count="31"/>
        <line num="81" type="stmt" count="31"/>
        <metrics loc="82" ncloc="59" classes="1" methods="7" coveredmethods="7" conditionals="0" coveredconditionals="0" statements="14" coveredstatements="14" elements="21" coveredelements="21"/>
      </file>
      <file name="/home/dave/Code/Email-Validation-Tool/src/EmailDataProvider.php">
        <class name="EmailValidation\EmailDataProvider" namespace="EmailValidation">
          <metrics complexity="5" methods="4" coveredmethods="4" conditionals="0" coveredconditionals="0" statements="7" coveredstatements="7" elements="11" coveredelements="11"/>
        </class>
        <line num="19" type="method" name="getEmailProviders" visibility="public" complexity="1" crap="1" count="14"/>
        <line num="21" type="stmt" count="14"/>
        <line num="27" type="method" name="getTopLevelDomains" visibility="public" complexity="1" crap="1" count="3"/>
        <line num="29" type="stmt" count="3"/>
        <line num="35" type="method" name="getDisposableEmailProviders" visibility="public" complexity="2" crap="2" count="7"/>
        <line num="37" type="stmt" count="7"/>
        <line num="39" type="stmt" count="7"/>
        <line num="41" type="stmt" count="7"/>
        <line num="44" type="stmt" count="7"/>
        <line num="50" type="method" name="getRoleEmailPrefixes" visibility="public" complexity="1" crap="1" count="8"/>
        <line num="52" type="stmt" count="8"/>
        <metrics loc="54" ncloc="39" classes="1" methods="4" coveredmethods="4" conditionals="0" coveredconditionals="0" statements="7" coveredstatements="7" elements="11" coveredelements="11"/>
      </file>
      <file name="/home/dave/Code/Email-Validation-Tool/src/EmailValidator.php">
        <class name="EmailValidation\EmailValidator" namespace="EmailValidation">
          <metrics complexity="10" methods="7" coveredmethods="7" conditionals="0" coveredconditionals="0" statements="19" coveredstatements="19" elements="26" coveredelements="26"/>
        </class>
        <line num="28" type="method" name="__construct" visibility="public" complexity="1" crap="1" count="3"/>
        <line num="33" type="stmt" count="3"/>
        <line num="34" type="stmt" count="3"/>
        <line num="35" type="stmt" count="3"/>
        <line num="36" type="stmt" count="3"/>
        <line num="43" type="method" name="registerValidator" visibility="public" complexity="1" crap="1" count="3"/>
        <line num="45" type="stmt" count="3"/>
        <line num="46" type="stmt" count="3"/>
        <line num="47" type="stmt" count="3"/>
        <line num="48" type="stmt" count="3"/>
        <line num="55" type="method" name="registerValidators" visibility="public" complexity="2" crap="2" count="1"/>
        <line num="57" type="stmt" count="1"/>
        <line num="58" type="stmt" count="1"/>
        <line num="60" type="stmt" count="1"/>
        <line num="66" type="method" name="runValidation" visibility="public" complexity="2" crap="2" count="2"/>
        <line num="68" type="stmt" count="2"/>
        <line num="69" type="stmt" count="2"/>
        <line num="71" type="stmt" count="2"/>
        <line num="76" type="method" name="getValidationResults" visibility="public" complexity="2" crap="2" count="1"/>
        <line num="78" type="stmt" count="1"/>
        <line num="79" type="stmt" count="1"/>
        <line num="81" type="stmt" count="1"/>
        <line num="87" type="method" name="getEmailAddress" visibility="private" complexity="1" crap="1" count="3"/>
        <line num="89" type="stmt" count="3"/>
        <line num="95" type="method" name="getEmailDataProvider" visibility="private" complexity="1" crap="1" count="3"/>
        <line num="97" type="stmt" count="3"/>
        <metrics loc="98" ncloc="69" classes="1" methods="7" coveredmethods="7" conditionals="0" coveredconditionals="0" statements="19" coveredstatements="19" elements="26" coveredelements="26"/>
      </file>
      <file name="/home/dave/Code/Email-Validation-Tool/src/EmailValidatorFactory.php">
        <class name="EmailValidation\EmailValidatorFactory" namespace="EmailValidation">
          <metrics complexity="2" methods="1" coveredmethods="1" conditionals="0" coveredconditionals="0" statements="7" coveredstatements="7" elements="8" coveredelements="8"/>
        </class>
        <line num="33" type="method" name="create" visibility="public" complexity="2" crap="2" count="1"/>
        <line num="35" type="stmt" count="1"/>
        <line num="36" type="stmt" count="1"/>
        <line num="37" type="stmt" count="1"/>
        <line num="38" type="stmt" count="1"/>
        <line num="40" type="stmt" count="1"/>
        <line num="41" type="stmt" count="1"/>
        <line num="44" type="stmt" count="1"/>
        <metrics loc="45" ncloc="40" classes="1" methods="1" coveredmethods="1" conditionals="0" coveredconditionals="0" statements="7" coveredstatements="7" elements="8" coveredelements="8"/>
      </file>
      <file name="/home/dave/Code/Email-Validation-Tool/src/ValidationResults.php">
        <class name="EmailValidation\ValidationResults" namespace="EmailValidation">
          <metrics complexity="4" methods="4" coveredmethods="4" conditionals="0" coveredconditionals="0" statements="5" coveredstatements="5" elements="9" coveredelements="9"/>
        </class>
        <line num="16" type="method" name="addResult" visibility="public" complexity="1" crap="1" count="3"/>
        <line num="18" type="stmt" count="3"/>
        <line num="19" type="stmt" count="3"/>
        <line num="24" type="method" name="asArray" visibility="public" complexity="1" crap="1" count="1"/>
        <line num="26" type="stmt" count="1"/>
        <line num="32" type="method" name="asJson" visibility="public" complexity="1" crap="1" count="1"/>
        <line num="34" type="stmt" count="1"/>
        <line num="40" type="method" name="hasResults" visibility="public" complexity="1" crap="1" count="1"/>
        <line num="42" type="stmt" count="1"/>
        <metrics loc="43" ncloc="29" classes="1" methods="4" coveredmethods="4" conditionals="0" coveredconditionals="0" statements="5" coveredstatements="5" elements="9" coveredelements="9"/>
      </file>
    </package>
    <file name="/home/dave/Code/Email-Validation-Tool/src/EmailDataProviderInterface.php">
      <metrics loc="25" ncloc="13" classes="0" methods="0" coveredmethods="0" conditionals="0" coveredconditionals="0" statements="0" coveredstatements="0" elements="0" coveredelements="0"/>
    </file>
    <package name="EmailValidation\Validations">
      <file name="/home/dave/Code/Email-Validation-Tool/src/Validations/DisposableEmailValidator.php">
        <class name="EmailValidation\Validations\DisposableEmailValidator" namespace="EmailValidation\Validations">
          <metrics complexity="2" methods="1" coveredmethods="1" conditionals="0" coveredconditionals="0" statements="3" coveredstatements="3" elements="4" coveredelements="4"/>
        </class>
        <line num="20" type="method" name="getResultResponse" visibility="public" complexity="1" crap="1" count="6"/>
        <line num="22" type="stmt" count="6"/>
        <line num="23" type="stmt" count="6"/>
        <line num="24" type="stmt" count="6"/>
        <metrics loc="26" ncloc="18" classes="1" methods="1" coveredmethods="1" conditionals="0" coveredconditionals="0" statements="3" coveredstatements="3" elements="4" coveredelements="4"/>
      </file>
      <file name="/home/dave/Code/Email-Validation-Tool/src/Validations/EmailHostValidator.php">
        <class name="EmailValidation\Validations\EmailHostValidator" namespace="EmailValidation\Validations">
          <metrics complexity="4" methods="1" coveredmethods="1" conditionals="0" coveredconditionals="0" statements="3" coveredstatements="3" elements="4" coveredelements="4"/>
        </class>
        <line num="20" type="method" name="getResultResponse" visibility="public" complexity="2" crap="2" count="1"/>
        <line num="22" type="stmt" count="1"/>
        <line num="23" type="stmt" count="1"/>
        <line num="24" type="stmt" count="1"/>
        <metrics loc="37" ncloc="21" classes="1" methods="1" coveredmethods="1" conditionals="0" coveredconditionals="0" statements="3" coveredstatements="3" elements="4" coveredelements="4"/>
      </file>
      <file name="/home/dave/Code/Email-Validation-Tool/src/Validations/FreeEmailServiceValidator.php">
        <class name="EmailValidation\Validations\FreeEmailServiceValidator" namespace="EmailValidation\Validations">
          <metrics complexity="2" methods="1" coveredmethods="1" conditionals="0" coveredconditionals="0" statements="3" coveredstatements="3" elements="4" coveredelements="4"/>
        </class>
        <line num="20" type="method" name="getResultResponse" visibility="public" complexity="1" crap="1" count="6"/>
        <line num="22" type="stmt" count="6"/>
        <line num="23" type="stmt" count="6"/>
        <line num="24" type="stmt" count="6"/>
        <metrics loc="26" ncloc="18" classes="1" methods="1" coveredmethods="1" conditionals="0" coveredconditionals="0" statements="3" coveredstatements="3" elements="4" coveredelements="4"/>
      </file>
      <file name="/home/dave/Code/Email-Validation-Tool/src/Validations/MisspelledEmailValidator.php">
        <class name="EmailValidation\Validations\MisspelledEmailValidator" namespace="EmailValidation\Validations">
          <metrics complexity="15" methods="5" coveredmethods="5" conditionals="0" coveredconditionals="0" statements="36" coveredstatements="36" elements="41" coveredelements="41"/>
        </class>
        <line num="26" type="method" name="getResultResponse" visibility="public" complexity="3" crap="3" count="7"/>
        <line num="28" type="stmt" count="7"/>
        <line num="32" type="stmt" count="7"/>
        <line num="33" type="stmt" count="7"/>
        <line num="37" type="stmt" count="7"/>
        <line num="43" type="method" name="findEmailAddressSuggestion" visibility="private" complexity="3" crap="3" count="7"/>
        <line num="45" type="stmt" count="7"/>
        <line num="46" type="stmt" count="5"/>
        <line num="47" type="stmt" count="5"/>
        <line num="48" type="stmt" count="5"/>
        <line num="49" type="stmt" count="5"/>
        <line num="53" type="stmt" count="2"/>
        <line num="54" type="stmt" count="1"/>
        <line num="55" type="stmt" count="1"/>
        <line num="56" type="stmt" count="1"/>
        <line num="57" type="stmt" count="1"/>
        <line num="61" type="stmt" count="1"/>
        <line num="67" type="method" name="findTopLevelDomainSuggestion" visibility="private" complexity="2" crap="2" count="2"/>
        <line num="69" type="stmt" count="2"/>
        <line num="70" type="stmt" count="2"/>
        <line num="71" type="stmt" count="2"/>
        <line num="72" type="stmt" count="2"/>
        <line num="73" type="stmt" count="2"/>
        <line num="76" type="stmt" count="2"/>
        <line num="82" type="method" name="findDomainSuggestion" visibility="private" complexity="2" crap="2" count="7"/>
        <line num="84" type="stmt" count="7"/>
        <line num="85" type="stmt" count="7"/>
        <line num="86" type="stmt" count="7"/>
        <line num="87" type="stmt" count="7"/>
        <line num="88" type="stmt" count="7"/>
        <line num="91" type="stmt" count="7"/>
        <line num="100" type="method" name="findClosestWord" visibility="private" complexity="4" crap="4" count="7"/>
        <line num="102" type="stmt" count="7"/>
        <line num="103" type="stmt" count="1"/>
        <line num="106" type="stmt" count="6"/>
        <line num="107" type="stmt" count="6"/>
        <line num="108" type="stmt" count="6"/>
        <line num="109" type="stmt" count="6"/>
        <line num="110" type="stmt" count="6"/>
        <line num="111" type="stmt" count="6"/>
        <line num="115" type="stmt" count="6"/>
        <metrics loc="116" ncloc="86" classes="1" methods="5" coveredmethods="5" conditionals="0" coveredconditionals="0" statements="36" coveredstatements="36" elements="41" coveredelements="41"/>
      </file>
      <file name="/home/dave/Code/Email-Validation-Tool/src/Validations/MxRecordsValidator.php">
        <class name="EmailValidation\Validations\MxRecordsValidator" namespace="EmailValidation\Validations">
          <metrics complexity="4" methods="2" coveredmethods="2" conditionals="0" coveredconditionals="0" statements="3" coveredstatements="3" elements="5" coveredelements="5"/>
        </class>
        <line num="20" type="method" name="getResultResponse" visibility="public" complexity="2" crap="2" count="1"/>
        <line num="22" type="stmt" count="1"/>
        <line num="23" type="stmt" count="1"/>
        <line num="34" type="method" name="checkDns" visibility="protected" complexity="1" crap="1" count="1"/>
        <line num="36" type="stmt" count="1"/>
        <metrics loc="37" ncloc="22" classes="1" methods="2" coveredmethods="2" conditionals="0" coveredconditionals="0" statements="3" coveredstatements="3" elements="5" coveredelements="5"/>
      </file>
      <file name="/home/dave/Code/Email-Validation-Tool/src/Validations/RoleBasedEmailValidator.php">
        <class name="EmailValidation\Validations\RoleBasedEmailValidator" namespace="EmailValidation\Validations">
          <metrics complexity="2" methods="1" coveredmethods="1" conditionals="0" coveredconditionals="0" statements="3" coveredstatements="3" elements="4" coveredelements="4"/>
        </class>
        <line num="20" type="method" name="getResultResponse" visibility="public" complexity="1" crap="1" count="7"/>
        <line num="22" type="stmt" count="7"/>
        <line num="23" type="stmt" count="7"/>
        <line num="24" type="stmt" count="7"/>
        <metrics loc="26" ncloc="18" classes="1" methods="1" coveredmethods="1" conditionals="0" coveredconditionals="0" statements="3" coveredstatements="3" elements="4" coveredelements="4"/>
      </file>
      <file name="/home/dave/Code/Email-Validation-Tool/src/Validations/ValidFormatValidator.php">
        <class name="EmailValidation\Validations\ValidFormatValidator" namespace="EmailValidation\Validations">
          <metrics complexity="2" methods="1" coveredmethods="1" conditionals="0" coveredconditionals="0" statements="1" coveredstatements="1" elements="2" coveredelements="2"/>
        </class>
        <line num="20" type="method" name="getResultResponse" visibility="public" complexity="1" crap="1" count="14"/>
        <line num="22" type="stmt" count="14"/>
        <metrics loc="23" ncloc="15" classes="1" methods="1" coveredmethods="1" conditionals="0" coveredconditionals="0" statements="1" coveredstatements="1" elements="2" coveredelements="2"/>
      </file>
      <file name="/home/dave/Code/Email-Validation-Tool/src/Validations/Validator.php">
        <class name="EmailValidation\Validations\Validator" namespace="EmailValidation\Validations">
          <metrics complexity="5" methods="5" coveredmethods="5" conditionals="0" coveredconditionals="0" statements="9" coveredstatements="9" elements="14" coveredelements="14"/>
        </class>
        <line num="23" type="method" name="__construct" visibility="public" complexity="1" crap="1" count="43"/>
        <line num="25" type="stmt" count="43"/>
        <line num="26" type="stmt" count="43"/>
        <line num="27" type="stmt" count="43"/>
        <line num="32" type="method" name="getEmailAddress" visibility="public" complexity="1" crap="1" count="42"/>
        <line num="34" type="stmt" count="42"/>
        <line num="40" type="method" name="getEmailDataProvider" visibility="public" complexity="1" crap="1" count="26"/>
        <line num="42" type="stmt" count="26"/>
        <line num="49" type="method" name="setEmailAddress" visibility="public" complexity="1" crap="1" count="1"/>
        <line num="51" type="stmt" count="1"/>
        <line num="52" type="stmt" count="1"/>
        <line num="59" type="method" name="setEmailDataProvider" visibility="public" complexity="1" crap="1" count="1"/>
        <line num="61" type="stmt" count="1"/>
        <line num="62" type="stmt" count="1"/>
        <metrics loc="63" ncloc="43" classes="1" methods="5" coveredmethods="5" conditionals="0" coveredconditionals="0" statements="9" coveredstatements="9" elements="14" coveredelements="14"/>
      </file>
    </package>
    <file name="/home/dave/Code/Email-Validation-Tool/src/Validations/ValidatorInterface.php">
      <metrics loc="17" ncloc="11" classes="0" methods="0" coveredmethods="0" conditionals="0" coveredconditionals="0" statements="0" coveredstatements="0" elements="0" coveredelements="0"/>
    </file>
    <file name="/home/dave/Code/Email-Validation-Tool/src/data/email-providers.php">
      <line num="8" type="stmt" count="14"/>
      <metrics loc="3625" ncloc="3622" classes="0" methods="0" coveredmethods="0" conditionals="0" coveredconditionals="0" statements="1" coveredstatements="1" elements="1" coveredelements="1"/>
    </file>
    <file name="/home/dave/Code/Email-Validation-Tool/src/data/role-based-email-prefixes.php">
      <line num="9" type="stmt" count="8"/>
      <metrics loc="848" ncloc="844" classes="0" methods="0" coveredmethods="0" conditionals="0" coveredconditionals="0" statements="1" coveredstatements="1" elements="1" coveredelements="1"/>
    </file>
    <file name="/home/dave/Code/Email-Validation-Tool/src/data/top-level-domains.php">
      <line num="8" type="stmt" count="3"/>
      <metrics loc="1379" ncloc="1376" classes="0" methods="0" coveredmethods="0" conditionals="0" coveredconditionals="0" statements="1" coveredstatements="1" elements="1" coveredelements="1"/>
    </file>
    <metrics files="18" loc="6570" ncloc="6343" classes="13" methods="40" coveredmethods="40" conditionals="0" coveredconditionals="0" statements="116" coveredstatements="116" elements="156" coveredelements="156"/>
  </project>
</coverage>
